# JRE version: OpenJDK Runtime Environment (11.0.8+10) (build 11.0.8+10-b944.6842174)
# Java VM: OpenJDK 64-Bit Server VM (11.0.8+10-b944.6842174, mixed mode, tiered, compressed oops, g1 gc, windows-amd64)
Heap:
 garbage-first heap   total 916480K, used 211894K [0x0000000080000000, 0x0000000100000000)
  region size 1024K, 3 young (3072K), 3 survivors (3072K)
 Metaspace       used 139821K, capacity 143002K, committed 146044K, reserved 1177600K
  class space    used 16751K, capacity 17896K, committed 18380K, reserved 1048576K
GC Heap History (20 events):
Event: 8179.703 GC heap after
{Heap after GC invocations=293 (full 0):
 garbage-first heap   total 488448K, used 119421K [0x0000000080000000, 0x0000000100000000)
  region size 1024K, 3 young (3072K), 3 survivors (3072K)
 Metaspace       used 139615K, capacity 142644K, committed 146044K, reserved 1177600K
  class space    used 16732K, capacity 17839K, committed 18380K, reserved 1048576K
}
Event: 8183.206 GC heap before
{Heap before GC invocations=293 (full 0):
 garbage-first heap   total 488448K, used 140925K [0x0000000080000000, 0x0000000100000000)
  region size 1024K, 23 young (23552K), 3 survivors (3072K)
 Metaspace       used 139763K, capacity 142870K, committed 146044K, reserved 1177600K
  class space    used 16745K, capacity 17858K, committed 18380K, reserved 1048576K
}
Event: 8183.582 GC heap after
{Heap after GC invocations=294 (full 0):
 garbage-first heap   total 488448K, used 122880K [0x0000000080000000, 0x0000000100000000)
  region size 1024K, 3 young (3072K), 3 survivors (3072K)
 Metaspace       used 139763K, capacity 142870K, committed 146044K, reserved 1177600K
  class space    used 16745K, capacity 17858K, committed 18380K, reserved 1048576K
}
Event: 8185.756 GC heap before
{Heap before GC invocations=294 (full 0):
 garbage-first heap   total 488448K, used 131072K [0x0000000080000000, 0x0000000100000000)
  region size 1024K, 12 young (12288K), 3 survivors (3072K)
 Metaspace       used 139811K, capacity 142938K, committed 146044K, reserved 1177600K
  class space    used 16751K, capacity 17896K, committed 18380K, reserved 1048576K
}
Event: 8186.049 GC heap after
{Heap after GC invocations=295 (full 0):
 garbage-first heap   total 488448K, used 121599K [0x0000000080000000, 0x0000000100000000)
  region size 1024K, 2 young (2048K), 2 survivors (2048K)
 Metaspace       used 139811K, capacity 142938K, committed 146044K, reserved 1177600K
  class space    used 16751K, capacity 17896K, committed 18380K, reserved 1048576K
}
Event: 8190.397 GC heap before
{Heap before GC invocations=296 (full 0):
 garbage-first heap   total 488448K, used 172799K [0x0000000080000000, 0x0000000100000000)
  region size 1024K, 23 young (23552K), 2 survivors (2048K)
 Metaspace       used 139812K, capacity 142938K, committed 146044K, reserved 1177600K
  class space    used 16751K, capacity 17896K, committed 18380K, reserved 1048576K
}
Event: 8190.855 GC heap after
{Heap after GC invocations=297 (full 0):
 garbage-first heap   total 488448K, used 151354K [0x0000000080000000, 0x0000000100000000)
  region size 1024K, 3 young (3072K), 3 survivors (3072K)
 Metaspace       used 139812K, capacity 142938K, committed 146044K, reserved 1177600K
  class space    used 16751K, capacity 17896K, committed 18380K, reserved 1048576K
}
Event: 8191.067 GC heap before
{Heap before GC invocations=297 (full 0):
 garbage-first heap   total 488448K, used 172858K [0x0000000080000000, 0x0000000100000000)
  region size 1024K, 23 young (23552K), 3 survivors (3072K)
 Metaspace       used 139812K, capacity 142938K, committed 146044K, reserved 1177600K
  class space    used 16751K, capacity 17896K, committed 18380K, reserved 1048576K
}
Event: 8191.254 GC heap after
{Heap after GC invocations=298 (full 0):
 garbage-first heap   total 488448K, used 151453K [0x0000000080000000, 0x0000000100000000)
  region size 1024K, 3 young (3072K), 3 survivors (3072K)
 Metaspace       used 139812K, capacity 142938K, committed 146044K, reserved 1177600K
  class space    used 16751K, capacity 17896K, committed 18380K, reserved 1048576K
}
Event: 8191.820 GC heap before
{Heap before GC invocations=298 (full 0):
 garbage-first heap   total 488448K, used 170909K [0x0000000080000000, 0x0000000100000000)
  region size 1024K, 23 young (23552K), 3 survivors (3072K)
 Metaspace       used 139817K, capacity 142938K, committed 146044K, reserved 1177600K
  class space    used 16751K, capacity 17896K, committed 18380K, reserved 1048576K
}
Event: 8192.019 GC heap after
{Heap after GC invocations=299 (full 0):
 garbage-first heap   total 488448K, used 162804K [0x0000000080000000, 0x0000000100000000)
  region size 1024K, 3 young (3072K), 3 survivors (3072K)
 Metaspace       used 139817K, capacity 142938K, committed 146044K, reserved 1177600K
  class space    used 16751K, capacity 17896K, committed 18380K, reserved 1048576K
}
Event: 8192.605 GC heap before
{Heap before GC invocations=299 (full 0):
 garbage-first heap   total 488448K, used 182260K [0x0000000080000000, 0x0000000100000000)
  region size 1024K, 23 young (23552K), 3 survivors (3072K)
 Metaspace       used 139818K, capacity 142938K, committed 146044K, reserved 1177600K
  class space    used 16751K, capacity 17896K, committed 18380K, reserved 1048576K
}
Event: 8193.358 GC heap after
{Heap after GC invocations=300 (full 0):
 garbage-first heap   total 488448K, used 176128K [0x0000000080000000, 0x0000000100000000)
  region size 1024K, 3 young (3072K), 3 survivors (3072K)
 Metaspace       used 139818K, capacity 142938K, committed 146044K, reserved 1177600K
  class space    used 16751K, capacity 17896K, committed 18380K, reserved 1048576K
}
Event: 8194.325 GC heap before
{Heap before GC invocations=300 (full 0):
 garbage-first heap   total 488448K, used 198656K [0x0000000080000000, 0x0000000100000000)
  region size 1024K, 23 young (23552K), 3 survivors (3072K)
 Metaspace       used 139818K, capacity 142938K, committed 146044K, reserved 1177600K
  class space    used 16751K, capacity 17896K, committed 18380K, reserved 1048576K
}
Event: 8195.338 GC heap after
{Heap after GC invocations=301 (full 0):
 garbage-first heap   total 488448K, used 192000K [0x0000000080000000, 0x0000000100000000)
  region size 1024K, 3 young (3072K), 3 survivors (3072K)
 Metaspace       used 139818K, capacity 142938K, committed 146044K, reserved 1177600K
  class space    used 16751K, capacity 17896K, committed 18380K, reserved 1048576K
}
Event: 8195.758 GC heap before
{Heap before GC invocations=302 (full 0):
 garbage-first heap   total 488448K, used 212480K [0x0000000080000000, 0x0000000100000000)
  region size 1024K, 23 young (23552K), 3 survivors (3072K)
 Metaspace       used 139819K, capacity 143002K, committed 146044K, reserved 1177600K
  class space    used 16751K, capacity 17896K, committed 18380K, reserved 1048576K
}
Event: 8196.565 GC heap after
{Heap after GC invocations=303 (full 0):
 garbage-first heap   total 488448K, used 202752K [0x0000000080000000, 0x0000000100000000)
  region size 1024K, 3 young (3072K), 3 survivors (3072K)
 Metaspace       used 139819K, capacity 143002K, committed 146044K, reserved 1177600K
  class space    used 16751K, capacity 17896K, committed 18380K, reserved 1048576K
}
Event: 8197.025 GC heap before
{Heap before GC invocations=303 (full 0):
 garbage-first heap   total 488448K, used 223232K [0x0000000080000000, 0x0000000100000000)
  region size 1024K, 23 young (23552K), 3 survivors (3072K)
 Metaspace       used 139821K, capacity 143002K, committed 146044K, reserved 1177600K
  class space    used 16751K, capacity 17896K, committed 18380K, reserved 1048576K
}
Event: 8197.626 GC heap after
{Heap after GC invocations=304 (full 0):
 garbage-first heap   total 488448K, used 205824K [0x0000000080000000, 0x0000000100000000)
  region size 1024K, 3 young (3072K), 3 survivors (3072K)
 Metaspace       used 139821K, capacity 143002K, committed 146044K, reserved 1177600K
  class space    used 16751K, capacity 17896K, committed 18380K, reserved 1048576K
}
Event: 8197.966 GC heap before
{Heap before GC invocations=304 (full 0):
 garbage-first heap   total 488448K, used 216064K [0x0000000080000000, 0x0000000100000000)
  region size 1024K, 15 young (15360K), 3 survivors (3072K)
 Metaspace       used 139821K, capacity 143002K, committed 146044K, reserved 1177600K
  class space    used 16751K, capacity 17896K, committed 18380K, reserved 1048576K
}

